\BOOKMARK [1][-]{section*.2}{\376\377\000L\000i\000s\000t\000\040\000o\000f\000\040\000F\000i\000g\000u\000r\000e\000s}{}% 1
\BOOKMARK [1][-]{section*.3}{\376\377\000L\000i\000s\000t\000\040\000o\000f\000\040\000T\000a\000b\000l\000e\000s}{}% 2
\BOOKMARK [1][-]{section.1}{\376\377\000I\000n\000t\000r\000o\000d\000u\000c\000t\000i\000o\000n}{}% 3
\BOOKMARK [2][-]{subsection.1.1}{\376\377\000B\000a\000c\000k\000g\000r\000o\000u\000n\000d}{section.1}% 4
\BOOKMARK [2][-]{subsection.1.2}{\376\377\000M\000o\000t\000i\000v\000a\000t\000i\000o\000n}{section.1}% 5
\BOOKMARK [2][-]{subsection.1.3}{\376\377\000R\000e\000s\000e\000a\000r\000c\000h\000\040\000Q\000u\000e\000s\000t\000i\000o\000n}{section.1}% 6
\BOOKMARK [2][-]{subsection.1.4}{\376\377\000O\000u\000t\000l\000i\000n\000e}{section.1}% 7
\BOOKMARK [1][-]{section.2}{\376\377\000E\000l\000e\000c\000t\000r\000i\000c\000i\000t\000y\000\040\000B\000a\000l\000a\000n\000c\000i\000n\000g\000\040\000M\000a\000r\000k\000e\000t\000\040\000T\000h\000e\000o\000r\000y}{}% 8
\BOOKMARK [2][-]{subsection.2.1}{\376\377\000N\000o\000r\000d\000i\000c\000\040\000B\000a\000l\000a\000n\000c\000i\000n\000g\000\040\000M\000a\000r\000k\000e\000t\000\040\000S\000t\000r\000u\000c\000t\000u\000r\000e}{section.2}% 9
\BOOKMARK [2][-]{subsection.2.2}{\376\377\000R\000e\000s\000e\000r\000v\000e\000\040\000M\000a\000r\000k\000e\000t\000\040\000C\000o\000n\000c\000e\000p\000t\000s}{section.2}% 10
\BOOKMARK [3][-]{subsubsection.2.2.1}{\376\377\000C\000a\000p\000a\000c\000i\000t\000y\000\040\000M\000a\000r\000k\000e\000t\000s}{subsection.2.2}% 11
\BOOKMARK [3][-]{subsubsection.2.2.2}{\376\377\000E\000n\000e\000r\000g\000y\000\040\000A\000c\000t\000i\000v\000a\000t\000i\000o\000n\000\040\000M\000a\000r\000k\000e\000t\000s\000\040\000\050\000E\000A\000M\000s\000\051}{subsection.2.2}% 12
\BOOKMARK [3][-]{subsubsection.2.2.3}{\376\377\000I\000m\000b\000a\000l\000a\000n\000c\000e\000\040\000P\000r\000i\000c\000e\000s}{subsection.2.2}% 13
\BOOKMARK [3][-]{subsubsection.2.2.4}{\376\377\000m\000F\000R\000R\000\040\000M\000a\000r\000k\000e\000t\000\040\000i\000n\000\040\000N\000o\000r\000w\000a\000y\000\040\000\050\000w\000i\000l\000l\000\040\000r\000e\000f\000a\000c\000t\000o\000r\000\040\000t\000h\000i\000s\000\040\000o\000r\000\040\000r\000e\000m\000o\000v\000e\000\040\000t\000h\000i\000s\000\051}{subsection.2.2}% 14
\BOOKMARK [1][-]{section.3}{\376\377\000L\000i\000t\000e\000r\000a\000t\000u\000r\000e\000\040\000R\000e\000v\000i\000e\000w}{}% 15
\BOOKMARK [2][-]{subsection.3.1}{\376\377\000m\000F\000R\000R\000\040\000E\000n\000e\000r\000g\000y\000\040\000A\000c\000t\000i\000v\000a\000t\000i\000o\000n\000\040\000M\000a\000r\000k\000e\000t\000\040\000C\000h\000a\000r\000a\000c\000t\000e\000r\000i\000s\000t\000i\000c\000s}{section.3}% 16
\BOOKMARK [2][-]{subsection.3.2}{\376\377\000E\000x\000i\000s\000t\000i\000n\000g\000\040\000A\000p\000p\000r\000o\000a\000c\000h\000e\000s\000\040\000t\000o\000\040\000B\000a\000l\000a\000n\000c\000i\000n\000g\000\040\000A\000c\000t\000i\000v\000a\000t\000i\000o\000n\000\040\000M\000a\000r\000k\000e\000t\000\040\000F\000o\000r\000e\000c\000a\000s\000t\000i\000n\000g}{section.3}% 17
\BOOKMARK [3][-]{subsubsection.3.2.1}{\376\377\000I\000m\000b\000a\000l\000a\000n\000c\000e\000\040\000V\000o\000l\000u\000m\000e\000\040\000a\000n\000d\000\040\000P\000r\000i\000c\000e\000\040\000F\000o\000r\000e\000c\000a\000s\000t\000i\000n\000g}{subsection.3.2}% 18
\BOOKMARK [3][-]{subsubsection.3.2.2}{\376\377\000A\000c\000t\000i\000v\000a\000t\000i\000o\000n\000\040\000F\000o\000r\000e\000c\000a\000s\000t\000i\000n\000g}{subsection.3.2}% 19
\BOOKMARK [3][-]{subsubsection.3.2.3}{\376\377\000L\000i\000t\000e\000r\000a\000t\000u\000r\000e\000\040\000S\000y\000n\000t\000h\000e\000s\000i\000s}{subsection.3.2}% 20
\BOOKMARK [2][-]{subsection.3.3}{\376\377\000R\000e\000s\000e\000a\000r\000c\000h\000\040\000G\000a\000p}{section.3}% 21
\BOOKMARK [1][-]{section.4}{\376\377\000P\000r\000o\000b\000l\000e\000m\000\040\000F\000o\000r\000m\000u\000l\000a\000t\000i\000o\000n}{}% 22
\BOOKMARK [2][-]{subsection.4.1}{\376\377\000B\000i\000n\000a\000r\000y\000\040\000C\000l\000a\000s\000s\000i\000f\000i\000c\000a\000t\000i\000o\000n\000\040\000P\000r\000o\000b\000l\000e\000m}{section.4}% 23
\BOOKMARK [2][-]{subsection.4.2}{\376\377\000T\000e\000r\000n\000a\000r\000y\000\040\000C\000l\000a\000s\000s\000i\000f\000i\000c\000a\000t\000i\000o\000n\000\040\000P\000r\000o\000b\000l\000e\000m}{section.4}% 24
\BOOKMARK [2][-]{subsection.4.3}{\376\377\000R\000e\000s\000t\000r\000i\000c\000t\000i\000o\000n\000s}{section.4}% 25
\BOOKMARK [2][-]{subsection.4.4}{\376\377\000C\000l\000a\000s\000s\000\040\000I\000m\000b\000a\000l\000a\000n\000c\000e}{section.4}% 26
\BOOKMARK [1][-]{section.5}{\376\377\000D\000a\000t\000a\000\040\000a\000n\000d\000\040\000P\000r\000e\000p\000r\000o\000c\000e\000s\000s\000i\000n\000g}{}% 27
\BOOKMARK [2][-]{subsection.5.1}{\376\377\000D\000a\000t\000a\000\040\000S\000o\000u\000r\000c\000e\000s}{section.5}% 28
\BOOKMARK [2][-]{subsection.5.2}{\376\377\000D\000a\000t\000a\000\040\000C\000o\000v\000e\000r\000a\000g\000e\000\040\000a\000n\000d\000\040\000T\000i\000m\000e\000\040\000S\000p\000a\000n}{section.5}% 29
\BOOKMARK [2][-]{subsection.5.3}{\376\377\000N\000o\000r\000d\000\040\000P\000o\000o\000l\000\040\000D\000a\000t\000a}{section.5}% 30
\BOOKMARK [3][-]{subsubsection.5.3.1}{\376\377\000m\000F\000R\000R\000\040\000a\000c\000t\000i\000v\000a\000t\000i\000o\000n\000\040\000d\000a\000t\000a}{subsection.5.3}% 31
\BOOKMARK [3][-]{subsubsection.5.3.2}{\376\377\000C\000r\000o\000s\000s\000-\000z\000o\000n\000a\000l\000\040\000f\000l\000o\000w\000s}{subsection.5.3}% 32
\BOOKMARK [3][-]{subsubsection.5.3.3}{\376\377\000L\000o\000a\000d\000\040\000a\000n\000d\000\040\000p\000r\000o\000d\000u\000c\000t\000i\000o\000n\000\040\000d\000a\000t\000a}{subsection.5.3}% 33
\BOOKMARK [2][-]{subsection.5.4}{\376\377\000N\000U\000C\000S}{section.5}% 34
\BOOKMARK [3][-]{subsubsection.5.4.1}{\376\377\000a\000F\000R\000R\000\040\000p\000r\000o\000c\000u\000r\000e\000m\000e\000n\000t\000\040\000p\000r\000i\000c\000e\000s}{subsection.5.4}% 35
\BOOKMARK [2][-]{subsection.5.5}{\376\377\000E\000N\000T\000S\000O\000-\000E}{section.5}% 36
\BOOKMARK [3][-]{subsubsection.5.5.1}{\376\377\000a\000F\000R\000R\000\040\000A\000c\000t\000i\000v\000a\000t\000i\000o\000n\000\040\000D\000a\000t\000a}{subsection.5.5}% 37
\BOOKMARK [2][-]{subsection.5.6}{\376\377\000D\000a\000t\000a\000s\000e\000t\000\040\000s\000t\000r\000u\000c\000t\000u\000r\000e}{section.5}% 38
\BOOKMARK [1][-]{section.6}{\376\377\000F\000e\000a\000t\000u\000r\000e\000\040\000E\000n\000g\000i\000n\000e\000e\000r\000i\000n\000g}{}% 39
\BOOKMARK [2][-]{subsection.6.1}{\376\377\000L\000a\000g\000\040\000f\000e\000a\000t\000u\000r\000e\000s}{section.6}% 40
\BOOKMARK [2][-]{subsection.6.2}{\376\377\000C\000r\000o\000s\000s\000-\000z\000o\000n\000a\000l\000\040\000f\000l\000o\000w\000\040\000f\000e\000a\000t\000u\000r\000e\000s}{section.6}% 41
\BOOKMARK [2][-]{subsection.6.3}{\376\377\000T\000e\000m\000p\000o\000r\000a\000l\000\040\000f\000e\000a\000t\000u\000r\000e\000s}{section.6}% 42
\BOOKMARK [2][-]{subsection.6.4}{\376\377\000P\000r\000i\000c\000e\000\040\000f\000e\000a\000t\000u\000r\000e\000s}{section.6}% 43
\BOOKMARK [2][-]{subsection.6.5}{\376\377\000L\000o\000a\000d\000\040\000f\000e\000a\000t\000u\000r\000e\000s}{section.6}% 44
\BOOKMARK [2][-]{subsection.6.6}{\376\377\000P\000r\000o\000d\000u\000c\000t\000i\000o\000n\000\040\000f\000e\000a\000t\000u\000r\000e\000s}{section.6}% 45
\BOOKMARK [2][-]{subsection.6.7}{\376\377\000I\000n\000t\000e\000r\000a\000c\000t\000i\000o\000n\000\040\000f\000e\000a\000t\000u\000r\000e\000s}{section.6}% 46
\BOOKMARK [1][-]{section.7}{\376\377\000M\000e\000t\000h\000o\000d\000o\000l\000o\000g\000y}{}% 47
\BOOKMARK [2][-]{subsection.7.1}{\376\377\000P\000r\000o\000b\000l\000e\000m\000\040\000S\000e\000t\000u\000p}{section.7}% 48
\BOOKMARK [2][-]{subsection.7.2}{\376\377\000M\000e\000t\000r\000i\000c\000s}{section.7}% 49
\BOOKMARK [2][-]{subsection.7.3}{\376\377\000D\000a\000t\000a\000\040\000S\000p\000l\000i\000t\000t\000i\000n\000g}{section.7}% 50
\BOOKMARK [2][-]{subsection.7.4}{\376\377\000M\000o\000d\000e\000l\000\040\000S\000e\000l\000e\000c\000t\000i\000o\000n}{section.7}% 51
\BOOKMARK [3][-]{subsubsection.7.4.1}{\376\377\000R\000a\000n\000d\000o\000m\000\040\000F\000o\000r\000e\000s\000t\000\040\000a\000n\000d\000\040\000E\000x\000t\000r\000a\000\040\000T\000r\000e\000e\000s}{subsection.7.4}% 52
\BOOKMARK [3][-]{subsubsection.7.4.2}{\376\377\000C\000a\000t\000B\000o\000o\000s\000t}{subsection.7.4}% 53
\BOOKMARK [3][-]{subsubsection.7.4.3}{\376\377\000X\000G\000B\000o\000o\000s\000t\000\040\000a\000n\000d\000\040\000L\000i\000g\000h\000t\000G\000B\000M}{subsection.7.4}% 54
\BOOKMARK [2][-]{subsection.7.5}{\376\377\000A\000d\000j\000u\000s\000t\000i\000n\000g\000\040\000C\000l\000a\000s\000s\000i\000f\000i\000c\000a\000t\000i\000o\000n\000\040\000T\000h\000r\000e\000s\000h\000o\000l\000d\000s}{section.7}% 55
\BOOKMARK [2][-]{subsection.7.6}{\376\377\000D\000e\000c\000i\000s\000i\000o\000n\000-\000b\000i\000a\000s\000\040\000t\000u\000n\000i\000n\000g}{section.7}% 56
\BOOKMARK [2][-]{subsection.7.7}{\376\377\000A\000u\000t\000o\000G\000l\000u\000o\000n}{section.7}% 57
\BOOKMARK [1][-]{section.8}{\376\377\000M\000o\000d\000e\000l\000\040\000R\000e\000s\000u\000l\000t\000s}{}% 58
\BOOKMARK [2][-]{subsection.8.1}{\376\377\000T\000h\000e\000\040\0002\0000\0002\0005\000\040\000D\000a\000t\000a\000s\000e\000t}{section.8}% 59
\BOOKMARK [3][-]{subsubsection.8.1.1}{\376\377\000E\000x\000t\000r\000a\000\040\000T\000r\000e\000e\000s}{subsection.8.1}% 60
\BOOKMARK [2][-]{subsection.8.2}{\376\377\000T\000h\000e\000\040\0002\0000\0002\0004\000-\0002\0000\0002\0005\000\040\000D\000a\000t\000a\000s\000e\000t}{section.8}% 61
\BOOKMARK [3][-]{subsubsection.8.2.1}{\376\377\000C\000a\000t\000B\000o\000o\000s\000t\000\040\000M\000o\000d\000e\000l\000s}{subsection.8.2}% 62
\BOOKMARK [1][-]{section*.34}{\376\377\000B\000i\000b\000l\000i\000o\000g\000r\000a\000p\000h\000y}{}% 63
